<?xml version="1.0" encoding="UTF-8"?>
<!-- Generated by org.testng.reporters.JUnitXMLReporter -->
<testsuite ignored="0" hostname="MURALI" failures="1" tests="2" name="Surefire test" time="17.234" errors="0" timestamp="2024-09-07T11:33:21 IST">
  <testcase classname="io.cucumber.testng.AbstractTestNGCucumberTests" name="runScenario" time="8.812">
    <failure type="java.lang.AssertionError" message="expected [No data] but found [Brocolli]">
      <![CDATA[java.lang.AssertionError: expected [No data] but found [Brocolli]
at stepDefinitions.OffersPageStepDefinitions.validate_prodct_matches_with_landing_page(OffersPageStepDefinitions.java:95)
at âœ½.Validate prodct matches with landing Page(file:///C:/SeleniumJava/Workspace/CucumberFramework/src/test/java/features/SearchProduct.feature:10)
... Removed 6 stack frames]]>
    </failure>
  </testcase> <!-- runScenario -->
  <testcase classname="io.cucumber.testng.AbstractTestNGCucumberTests" name="runScenario" time="7.639"/>
</testsuite> <!-- Surefire test -->
