<?xml version="1.0" encoding="UTF-8"?>
<!-- Generated by org.testng.reporters.JUnitReportReporter -->
<testsuite hostname="MURALI" failures="1" tests="1" name="cucumberOptions.TestNGRunner" time="8.060" errors="0" timestamp="2024-09-06T14:13:13 IST" skipped="0">
  <testcase classname="cucumberOptions.TestNGRunner" name="runScenario" time="8.060">
    <failure message="expected [No data] but found [Brocolli]" type="java.lang.AssertionError">
      <![CDATA[java.lang.AssertionError: expected [No data] but found [Brocolli]
at org.testng.Assert.fail(Assert.java:111)
at org.testng.Assert.failNotEquals(Assert.java:1578)
at org.testng.Assert.assertEqualsImpl(Assert.java:150)
at org.testng.Assert.assertEquals(Assert.java:132)
at org.testng.Assert.assertEquals(Assert.java:656)
at org.testng.Assert.assertEquals(Assert.java:666)
at stepDefinitions.OffersPageStepDefinitions.validate_prodct_matches_with_landing_page(OffersPageStepDefinitions.java:95)
at âœ½.Validate prodct matches with landing Page(file:///C:/SeleniumJava/Workspace/CucumberFramework/src/test/java/features/SearchProduct.feature:10)
]]>
    </failure>
  </testcase> <!-- runScenario -->
</testsuite> <!-- cucumberOptions.TestNGRunner -->
